<?xml version="1.0" encoding="UTF-8"?>
<!-- Generated by org.testng.reporters.JUnitReportReporter -->
<testsuite hostname="Nitish" name="ExampleTest" tests="1" failures="0" timestamp="25 Jul 2016 19:40:34 GMT" time="0.018" errors="0">
  <testcase name="Testing" time="0.018" classname="ExampleTest"/>
</testsuite> <!-- ExampleTest -->
