<?xml version="1.0" encoding="UTF-8"?>
<!-- Generated by org.testng.reporters.JUnitReportReporter -->
<testsuite hostname="Nitish" name="Example" tests="1" failures="0" timestamp="25 Jul 2016 19:14:15 GMT" time="0.016" errors="0">
  <testcase name="Testing" time="0.016" classname="Example"/>
</testsuite> <!-- Example -->
